{
  "stats": {
    "suites": 3,
    "tests": 3,
    "passes": 2,
    "pending": 0,
    "failures": 1,
    "start": "2025-03-21T15:39:16.666Z",
    "end": "2025-03-21T15:40:15.200Z",
    "duration": 58534,
    "testsRegistered": 3,
    "passPercent": 66.66666666666666,
    "pendingPercent": 0,
    "other": 0,
    "hasOther": false,
    "skipped": 0,
    "hasSkipped": false
  },
  "results": [
    {
      "uuid": "7fd3e153-ce2d-4ca1-ba00-6c5348c5178a",
      "title": "",
      "fullFile": "cypress\\e2e\\TestCase1\\tests\\productSearch.cy.js",
      "file": "cypress\\e2e\\TestCase1\\tests\\productSearch.cy.js",
      "beforeHooks": [],
      "afterHooks": [],
      "tests": [],
      "suites": [
        {
          "uuid": "74a1d94a-df8e-48d1-8fe6-74851c4e5dd1",
          "title": "🛒 E-Commerce Product Tests",
          "fullFile": "",
          "file": "",
          "beforeHooks": [],
          "afterHooks": [],
          "tests": [],
          "suites": [
            {
              "uuid": "c56a8116-76c3-4f7a-9fa4-92e9acc3fbb3",
              "title": "🔥 Smoke Tests",
              "fullFile": "",
              "file": "",
              "beforeHooks": [],
              "afterHooks": [],
              "tests": [
                {
                  "title": "Verify Home Page Loads Successfully",
                  "fullTitle": "🛒 E-Commerce Product Tests 🔥 Smoke Tests Verify Home Page Loads Successfully",
                  "timedOut": null,
                  "duration": 8623,
                  "state": "passed",
                  "speed": "medium",
                  "pass": true,
                  "fail": false,
                  "pending": false,
                  "context": null,
                  "code": "_HomePage.default.visit();\n_HomePage.default.verifyHomePage();\ncy.log(\"✅ Home page loaded successfully\");",
                  "err": {},
                  "uuid": "4f4583da-5bdd-4969-a8b9-ffd2cd7fe7f8",
                  "parentUUID": "c56a8116-76c3-4f7a-9fa4-92e9acc3fbb3",
                  "isHook": false,
                  "skipped": false
                },
                {
                  "title": "Verify Navigation to Products Page",
                  "fullTitle": "🛒 E-Commerce Product Tests 🔥 Smoke Tests Verify Navigation to Products Page",
                  "timedOut": null,
                  "duration": 15662,
                  "state": "failed",
                  "speed": null,
                  "pass": false,
                  "fail": true,
                  "pending": false,
                  "context": "{\n  \"title\": \"cypress-mochawesome-reporter-screenshots\",\n  \"value\": [\n    [\n      \"\\\\TestCase1\\\\tests\\\\productSearch.cy.js\\\\🛒 E-Commerce Product Tests -- 🔥 Smoke Tests -- Verify Navigation to Products Page (failed).png\"\n    ]\n  ]\n}",
                  "code": "_HomePage.default.clickProducts();\n_ProductsPage.default.verifyProductsPage();\ncy.log(\"✅ Navigated to Products Page successfully\");",
                  "err": {
                    "message": "AssertionError: Timed out retrying after 15000ms: Expected to find content: 'Products' within the selector: 'a' but never did.",
                    "estack": "AssertionError: Timed out retrying after 15000ms: Expected to find content: 'Products' within the selector: 'a' but never did.\n    at HomePage.clickProducts (webpack:///./cypress/e2e/TestCase1/pages/HomePage.js:12:53)\n    at Context.eval (webpack:///./cypress/e2e/TestCase1/tests/productSearch.cy.js:20:15)",
                    "diff": null
                  },
                  "uuid": "7bdeccb2-db18-4f7c-845d-fe76d62f3e69",
                  "parentUUID": "c56a8116-76c3-4f7a-9fa4-92e9acc3fbb3",
                  "isHook": false,
                  "skipped": false
                }
              ],
              "suites": [],
              "passes": [
                "4f4583da-5bdd-4969-a8b9-ffd2cd7fe7f8"
              ],
              "failures": [
                "7bdeccb2-db18-4f7c-845d-fe76d62f3e69"
              ],
              "pending": [],
              "skipped": [],
              "duration": 24285,
              "root": false,
              "rootEmpty": false,
              "_timeout": 2000
            },
            {
              "uuid": "11987a96-4a41-4a0f-9742-c040ecad60f0",
              "title": "🔁 Regression Tests",
              "fullFile": "",
              "file": "",
              "beforeHooks": [],
              "afterHooks": [],
              "tests": [
                {
                  "title": "Search for a product and verify results",
                  "fullTitle": "🛒 E-Commerce Product Tests 🔁 Regression Tests Search for a product and verify results",
                  "timedOut": null,
                  "duration": 29476,
                  "state": "passed",
                  "speed": "slow",
                  "pass": true,
                  "fail": false,
                  "pending": false,
                  "context": null,
                  "code": "_HomePage.default.visit();\n_HomePage.default.verifyHomePage();\ncy.log(\"Navigated to Home Page\");\n_HomePage.default.clickProducts();\n_ProductsPage.default.verifyProductsPage();\ncy.log(\"Navigated to Products Page\");\n_ProductsPage.default.enterSearchProduct(this.testData.productName);\ncy.log(`Searching for product: ${this.testData.productName}`);\n_SearchPage.default.verifySearchedProducts();\n_SearchPage.default.verifySearchResults();\ncy.log(\"✅ Verified searched products are visible\");",
                  "err": {},
                  "uuid": "5ec97012-8361-4e2a-abf8-a92590588c4a",
                  "parentUUID": "11987a96-4a41-4a0f-9742-c040ecad60f0",
                  "isHook": false,
                  "skipped": false
                }
              ],
              "suites": [],
              "passes": [
                "5ec97012-8361-4e2a-abf8-a92590588c4a"
              ],
              "failures": [],
              "pending": [],
              "skipped": [],
              "duration": 29476,
              "root": false,
              "rootEmpty": false,
              "_timeout": 2000
            }
          ],
          "passes": [],
          "failures": [],
          "pending": [],
          "skipped": [],
          "duration": 0,
          "root": false,
          "rootEmpty": false,
          "_timeout": 2000
        }
      ],
      "passes": [],
      "failures": [],
      "pending": [],
      "skipped": [],
      "duration": 0,
      "root": true,
      "rootEmpty": true,
      "_timeout": 2000
    }
  ],
  "meta": {
    "mocha": {
      "version": "7.0.1"
    },
    "mochawesome": {
      "options": {
        "quiet": false,
        "reportFilename": "mochawesome",
        "saveHtml": true,
        "saveJson": true,
        "consoleReporter": "spec",
        "useInlineDiffs": false,
        "code": true
      },
      "version": "7.1.3"
    },
    "marge": {
      "options": {
        "reportDir": "cypress/reports",
        "overwrite": false,
        "html": true,
        "json": true
      },
      "version": "6.2.0"
    }
  }
}