{
  "stats": {
    "suites": 3,
    "tests": 3,
    "passes": 2,
    "pending": 0,
    "failures": 1,
    "start": "2025-03-21T15:54:30.146Z",
    "end": "2025-03-21T15:55:54.546Z",
    "duration": 84400,
    "testsRegistered": 3,
    "passPercent": 66.66666666666666,
    "pendingPercent": 0,
    "other": 0,
    "hasOther": false,
    "skipped": 0,
    "hasSkipped": false
  },
  "results": [
    {
      "uuid": "dab120fa-769d-4441-9e64-ea9b5ae066e0",
      "title": "",
      "fullFile": "cypress\\e2e\\TestCase1\\tests\\productSearch.cy.js",
      "file": "cypress\\e2e\\TestCase1\\tests\\productSearch.cy.js",
      "beforeHooks": [],
      "afterHooks": [],
      "tests": [],
      "suites": [
        {
          "uuid": "29c5dabd-0f3e-4ac7-8d5b-787914bdb84c",
          "title": "🛒 E-Commerce Product Tests",
          "fullFile": "",
          "file": "",
          "beforeHooks": [],
          "afterHooks": [],
          "tests": [],
          "suites": [
            {
              "uuid": "f42638ca-92d3-437f-a850-11c037ee5525",
              "title": "🔥 Smoke Tests",
              "fullFile": "",
              "file": "",
              "beforeHooks": [],
              "afterHooks": [],
              "tests": [
                {
                  "title": "Verify Home Page Loads Successfully",
                  "fullTitle": "🛒 E-Commerce Product Tests 🔥 Smoke Tests Verify Home Page Loads Successfully",
                  "timedOut": null,
                  "duration": 12580,
                  "state": "passed",
                  "speed": "slow",
                  "pass": true,
                  "fail": false,
                  "pending": false,
                  "context": null,
                  "code": "_HomePage.default.visit();\n_HomePage.default.verifyHomePage();\ncy.log(\"✅ Home page loaded successfully\");",
                  "err": {},
                  "uuid": "6801d89c-801b-4643-95a8-e649ca44daf8",
                  "parentUUID": "f42638ca-92d3-437f-a850-11c037ee5525",
                  "isHook": false,
                  "skipped": false
                },
                {
                  "title": "Verify Navigation to Products Page",
                  "fullTitle": "🛒 E-Commerce Product Tests 🔥 Smoke Tests Verify Navigation to Products Page",
                  "timedOut": null,
                  "duration": 15623,
                  "state": "failed",
                  "speed": null,
                  "pass": false,
                  "fail": true,
                  "pending": false,
                  "context": "{\n  \"title\": \"cypress-mochawesome-reporter-screenshots\",\n  \"value\": [\n    [\n      \"\\\\TestCase1\\\\tests\\\\productSearch.cy.js\\\\🛒 E-Commerce Product Tests -- 🔥 Smoke Tests -- Verify Navigation to Products Page (failed).png\"\n    ]\n  ]\n}",
                  "code": "_HomePage.default.clickProducts();\n_ProductsPage.default.verifyProductsPage();\ncy.log(\"✅ Navigated to Products Page successfully\");",
                  "err": {
                    "message": "AssertionError: Timed out retrying after 15000ms: Expected to find content: 'Products' within the selector: 'a' but never did.",
                    "estack": "AssertionError: Timed out retrying after 15000ms: Expected to find content: 'Products' within the selector: 'a' but never did.\n    at HomePage.clickProducts (webpack:///./cypress/e2e/TestCase1/pages/HomePage.js:12:53)\n    at Context.eval (webpack:///./cypress/e2e/TestCase1/tests/productSearch.cy.js:20:15)",
                    "diff": null
                  },
                  "uuid": "0cdee750-6cb6-46f6-800e-6719a9a20d81",
                  "parentUUID": "f42638ca-92d3-437f-a850-11c037ee5525",
                  "isHook": false,
                  "skipped": false
                }
              ],
              "suites": [],
              "passes": [
                "6801d89c-801b-4643-95a8-e649ca44daf8"
              ],
              "failures": [
                "0cdee750-6cb6-46f6-800e-6719a9a20d81"
              ],
              "pending": [],
              "skipped": [],
              "duration": 28203,
              "root": false,
              "rootEmpty": false,
              "_timeout": 2000
            },
            {
              "uuid": "beef29c4-67cb-463d-bb1e-c2b6406a2c1c",
              "title": "🔁 Regression Tests",
              "fullFile": "",
              "file": "",
              "beforeHooks": [],
              "afterHooks": [],
              "tests": [
                {
                  "title": "Search for a product and verify results",
                  "fullTitle": "🛒 E-Commerce Product Tests 🔁 Regression Tests Search for a product and verify results",
                  "timedOut": null,
                  "duration": 49684,
                  "state": "passed",
                  "speed": "slow",
                  "pass": true,
                  "fail": false,
                  "pending": false,
                  "context": null,
                  "code": "_HomePage.default.visit();\n_HomePage.default.verifyHomePage();\ncy.log(\"Navigated to Home Page\");\n_HomePage.default.clickProducts();\n_ProductsPage.default.verifyProductsPage();\ncy.log(\"Navigated to Products Page\");\n_ProductsPage.default.enterSearchProduct(this.testData.productName);\ncy.log(`Searching for product: ${this.testData.productName}`);\n_SearchPage.default.verifySearchedProducts();\n_SearchPage.default.verifySearchResults();\ncy.log(\"✅ Verified searched products are visible\");",
                  "err": {},
                  "uuid": "221e57e8-54d2-4cd1-aeb3-124009c06f49",
                  "parentUUID": "beef29c4-67cb-463d-bb1e-c2b6406a2c1c",
                  "isHook": false,
                  "skipped": false
                }
              ],
              "suites": [],
              "passes": [
                "221e57e8-54d2-4cd1-aeb3-124009c06f49"
              ],
              "failures": [],
              "pending": [],
              "skipped": [],
              "duration": 49684,
              "root": false,
              "rootEmpty": false,
              "_timeout": 2000
            }
          ],
          "passes": [],
          "failures": [],
          "pending": [],
          "skipped": [],
          "duration": 0,
          "root": false,
          "rootEmpty": false,
          "_timeout": 2000
        }
      ],
      "passes": [],
      "failures": [],
      "pending": [],
      "skipped": [],
      "duration": 0,
      "root": true,
      "rootEmpty": true,
      "_timeout": 2000
    }
  ],
  "meta": {
    "mocha": {
      "version": "7.0.1"
    },
    "mochawesome": {
      "options": {
        "quiet": false,
        "reportFilename": "mochawesome",
        "saveHtml": true,
        "saveJson": true,
        "consoleReporter": "spec",
        "useInlineDiffs": false,
        "code": true
      },
      "version": "7.1.3"
    },
    "marge": {
      "options": {
        "reportDir": "cypress/reports",
        "overwrite": false,
        "html": true,
        "json": true
      },
      "version": "6.2.0"
    }
  }
}