{
  "stats": {
    "suites": 1,
    "tests": 2,
    "passes": 2,
    "pending": 0,
    "failures": 0,
    "start": "2025-03-21T15:55:57.117Z",
    "end": "2025-03-21T15:56:36.823Z",
    "duration": 39706,
    "testsRegistered": 2,
    "passPercent": 100,
    "pendingPercent": 0,
    "other": 0,
    "hasOther": false,
    "skipped": 0,
    "hasSkipped": false
  },
  "results": [
    {
      "uuid": "f3ad6c15-08f1-402f-a8e1-9e77634b51ee",
      "title": "",
      "fullFile": "cypress\\e2e\\TestCase2\\tests\\cartTest.cy.js",
      "file": "cypress\\e2e\\TestCase2\\tests\\cartTest.cy.js",
      "beforeHooks": [],
      "afterHooks": [],
      "tests": [],
      "suites": [
        {
          "uuid": "695645c4-8ab3-45b7-9f63-d8252fbadd14",
          "title": "Cart Functionality Tests",
          "fullFile": "",
          "file": "",
          "beforeHooks": [],
          "afterHooks": [],
          "tests": [
            {
              "title": "Add product to cart with correct quantity - Smoke Test",
              "fullTitle": "Cart Functionality Tests Add product to cart with correct quantity - Smoke Test",
              "timedOut": null,
              "duration": 22836,
              "state": "passed",
              "speed": "slow",
              "pass": true,
              "fail": false,
              "pending": false,
              "context": null,
              "code": "_HomePage.default.visit();\n_HomePage.default.verifyHomePage();\n_HomePage.default.selectProduct();\n_ProductPage.default.verifyProductDetail();\n_ProductPage.default.increaseQuantity(this.testData1.quantity);\n_ProductPage.default.addToCart();\n_ProductPage.default.viewCart();\n_CartPage.default.verifyProductInCart(this.testData1.quantity);",
              "err": {},
              "uuid": "94b2ac92-1c4c-4f14-ba40-3d1088d3a88b",
              "parentUUID": "695645c4-8ab3-45b7-9f63-d8252fbadd14",
              "isHook": false,
              "skipped": false
            },
            {
              "title": "Verify Product Detail Page - Regression Test",
              "fullTitle": "Cart Functionality Tests Verify Product Detail Page - Regression Test",
              "timedOut": null,
              "duration": 12746,
              "state": "passed",
              "speed": "slow",
              "pass": true,
              "fail": false,
              "pending": false,
              "context": null,
              "code": "_HomePage.default.visit();\n_HomePage.default.selectProduct();\n_ProductPage.default.verifyProductDetail();",
              "err": {},
              "uuid": "3b0c23a5-1b48-4265-90f7-cf87ca0aecff",
              "parentUUID": "695645c4-8ab3-45b7-9f63-d8252fbadd14",
              "isHook": false,
              "skipped": false
            }
          ],
          "suites": [],
          "passes": [
            "94b2ac92-1c4c-4f14-ba40-3d1088d3a88b",
            "3b0c23a5-1b48-4265-90f7-cf87ca0aecff"
          ],
          "failures": [],
          "pending": [],
          "skipped": [],
          "duration": 35582,
          "root": false,
          "rootEmpty": false,
          "_timeout": 2000
        }
      ],
      "passes": [],
      "failures": [],
      "pending": [],
      "skipped": [],
      "duration": 0,
      "root": true,
      "rootEmpty": true,
      "_timeout": 2000
    }
  ],
  "meta": {
    "mocha": {
      "version": "7.0.1"
    },
    "mochawesome": {
      "options": {
        "quiet": false,
        "reportFilename": "mochawesome",
        "saveHtml": true,
        "saveJson": true,
        "consoleReporter": "spec",
        "useInlineDiffs": false,
        "code": true
      },
      "version": "7.1.3"
    },
    "marge": {
      "options": {
        "reportDir": "cypress/reports",
        "overwrite": false,
        "html": true,
        "json": true
      },
      "version": "6.2.0"
    }
  }
}