{
  "stats": {
    "suites": 1,
    "tests": 2,
    "passes": 2,
    "pending": 0,
    "failures": 0,
    "start": "2025-03-21T15:38:41.751Z",
    "end": "2025-03-21T15:39:13.968Z",
    "duration": 32217,
    "testsRegistered": 2,
    "passPercent": 100,
    "pendingPercent": 0,
    "other": 0,
    "hasOther": false,
    "skipped": 0,
    "hasSkipped": false
  },
  "results": [
    {
      "uuid": "50ff2b0c-fa08-432c-b4e5-72e699dbe070",
      "title": "",
      "fullFile": "cypress\\e2e\\TestCase2\\tests\\cartTest.cy.js",
      "file": "cypress\\e2e\\TestCase2\\tests\\cartTest.cy.js",
      "beforeHooks": [],
      "afterHooks": [],
      "tests": [],
      "suites": [
        {
          "uuid": "d09de483-7ef5-4c35-bd7a-fce0673edaf2",
          "title": "Cart Functionality Tests",
          "fullFile": "",
          "file": "",
          "beforeHooks": [],
          "afterHooks": [],
          "tests": [
            {
              "title": "Add product to cart with correct quantity - Smoke Test",
              "fullTitle": "Cart Functionality Tests Add product to cart with correct quantity - Smoke Test",
              "timedOut": null,
              "duration": 14365,
              "state": "passed",
              "speed": "slow",
              "pass": true,
              "fail": false,
              "pending": false,
              "context": null,
              "code": "_HomePage.default.visit();\n_HomePage.default.verifyHomePage();\n_HomePage.default.selectProduct();\n_ProductPage.default.verifyProductDetail();\n_ProductPage.default.increaseQuantity(this.testData1.quantity);\n_ProductPage.default.addToCart();\n_ProductPage.default.viewCart();\n_CartPage.default.verifyProductInCart(this.testData1.quantity);",
              "err": {},
              "uuid": "c1a4f1c5-9052-4a2f-bf16-b6890dc859d8",
              "parentUUID": "d09de483-7ef5-4c35-bd7a-fce0673edaf2",
              "isHook": false,
              "skipped": false
            },
            {
              "title": "Verify Product Detail Page - Regression Test",
              "fullTitle": "Cart Functionality Tests Verify Product Detail Page - Regression Test",
              "timedOut": null,
              "duration": 13708,
              "state": "passed",
              "speed": "slow",
              "pass": true,
              "fail": false,
              "pending": false,
              "context": null,
              "code": "_HomePage.default.visit();\n_HomePage.default.selectProduct();\n_ProductPage.default.verifyProductDetail();",
              "err": {},
              "uuid": "006cda79-af69-478d-8b34-4be15d8db510",
              "parentUUID": "d09de483-7ef5-4c35-bd7a-fce0673edaf2",
              "isHook": false,
              "skipped": false
            }
          ],
          "suites": [],
          "passes": [
            "c1a4f1c5-9052-4a2f-bf16-b6890dc859d8",
            "006cda79-af69-478d-8b34-4be15d8db510"
          ],
          "failures": [],
          "pending": [],
          "skipped": [],
          "duration": 28073,
          "root": false,
          "rootEmpty": false,
          "_timeout": 2000
        }
      ],
      "passes": [],
      "failures": [],
      "pending": [],
      "skipped": [],
      "duration": 0,
      "root": true,
      "rootEmpty": true,
      "_timeout": 2000
    }
  ],
  "meta": {
    "mocha": {
      "version": "7.0.1"
    },
    "mochawesome": {
      "options": {
        "quiet": false,
        "reportFilename": "mochawesome",
        "saveHtml": true,
        "saveJson": true,
        "consoleReporter": "spec",
        "useInlineDiffs": false,
        "code": true
      },
      "version": "7.1.3"
    },
    "marge": {
      "options": {
        "reportDir": "cypress/reports",
        "overwrite": false,
        "html": true,
        "json": true
      },
      "version": "6.2.0"
    }
  }
}